<?xml version="1.0" encoding="UTF-8"?>
<!-- Generated by org.testng.reporters.JUnitReportReporter -->
<testsuite skipped="0" hostname="DESKTOP-P2IQJOQ" name="com.tgweb.tests.LoginTest" tests="1" failures="0" timestamp="14 May 2019 07:56:34 GMT" time="0.045" errors="0">
  <testcase name="loginTest" time="0.045" classname="com.tgweb.tests.LoginTest"/>
</testsuite> <!-- com.tgweb.tests.LoginTest -->
